<?xml version="1.0" encoding="UTF-8"?>
<!-- Generated by org.testng.reporters.JUnitReportReporter -->
<testsuite hostname="LAPTOP-F7KN2NF0" failures="0" tests="1" name="testCases.B" time="12.630" errors="0" timestamp="2023-09-28T22:08:40 IST" skipped="0">
  <testcase classname="testCases.B" name="driver" time="12.630"/>
</testsuite> <!-- testCases.B -->
