<?xml version="1.0" encoding="UTF-8"?>
<!-- Generated by org.testng.reporters.JUnitReportReporter -->
<testsuite hostname="LAPTOP-F7KN2NF0" failures="0" tests="1" name="testCases.Screenshot" time="6.211" errors="0" timestamp="2023-10-06T10:55:45 IST" skipped="0">
  <testcase classname="testCases.Screenshot" name="capturescreenshot" time="6.211"/>
</testsuite> <!-- testCases.Screenshot -->
