<?xml version="1.0" encoding="UTF-8"?>
<!-- Generated by org.testng.reporters.JUnitReportReporter -->
<testsuite hostname="LAPTOP-F7KN2NF0" failures="0" tests="1" name="testCases.ExcelHandling" time="15.500" errors="0" timestamp="2023-10-08T00:02:01 IST" skipped="0">
  <testcase classname="testCases.ExcelHandling" name="excelsheet" time="15.500"/>
</testsuite> <!-- testCases.ExcelHandling -->
