<?xml version="1.0" encoding="UTF-8"?>
<!-- Generated by org.testng.reporters.JUnitReportReporter -->
<testsuite hostname="LAPTOP-F7KN2NF0" failures="0" tests="1" name="testCases.Login" time="43.616" errors="0" timestamp="2023-10-06T12:07:00 IST" skipped="0">
  <testcase classname="testCases.Login" name="verifyLogin" time="43.616"/>
</testsuite> <!-- testCases.Login -->
